<?xml version="1.0" encoding="UTF-8"?>
<testng-results skipped="0" failed="0" total="1" passed="1">
  <reporter-output>
  </reporter-output>
  <suite name="Default suite" duration-ms="76" started-at="2015-03-27T13:26:41Z" finished-at="2015-03-27T13:26:41Z">
    <groups>
    </groups>
    <test name="Default test" duration-ms="76" started-at="2015-03-27T13:26:41Z" finished-at="2015-03-27T13:26:41Z">
      <class name="mapstuff.GraphTest">
        <test-method status="PASS" signature="testPathFind()[pri:0, instance:mapstuff.GraphTest@369c4]" name="testPathFind" duration-ms="64" started-at="2015-03-27T13:26:41Z" finished-at="2015-03-27T13:26:41Z">
          <reporter-output>
          </reporter-output>
        </test-method> <!-- testPathFind -->
      </class> <!-- mapstuff.GraphTest -->
    </test> <!-- Default test -->
  </suite> <!-- Default suite -->
</testng-results>
